mode: set
github.com/cbellee/photo-api/cmd/photo/main.go:45.13,51.54 4 0
github.com/cbellee/photo-api/cmd/photo/main.go:51.54,53.3 1 0
github.com/cbellee/photo-api/cmd/photo/main.go:56.2,70.61 7 0
github.com/cbellee/photo-api/cmd/photo/main.go:70.61,72.3 1 0
github.com/cbellee/photo-api/cmd/photo/main.go:72.8,74.3 1 0
github.com/cbellee/photo-api/cmd/photo/main.go:76.2,77.16 2 0
github.com/cbellee/photo-api/cmd/photo/main.go:77.16,80.3 2 0
github.com/cbellee/photo-api/cmd/photo/main.go:82.2,105.47 13 0
github.com/cbellee/photo-api/cmd/photo/main.go:108.80,109.54 1 1
github.com/cbellee/photo-api/cmd/photo/main.go:109.54,114.17 3 0
github.com/cbellee/photo-api/cmd/photo/main.go:114.17,117.4 2 0
github.com/cbellee/photo-api/cmd/photo/main.go:119.3,122.41 3 0
github.com/cbellee/photo-api/cmd/photo/main.go:126.78,127.54 1 1
github.com/cbellee/photo-api/cmd/photo/main.go:127.54,130.23 2 0
github.com/cbellee/photo-api/cmd/photo/main.go:130.23,132.4 1 0
github.com/cbellee/photo-api/cmd/photo/main.go:134.3,135.18 2 0
github.com/cbellee/photo-api/cmd/photo/main.go:135.18,137.4 1 0
github.com/cbellee/photo-api/cmd/photo/main.go:140.3,142.17 3 0
github.com/cbellee/photo-api/cmd/photo/main.go:142.17,144.4 1 0
github.com/cbellee/photo-api/cmd/photo/main.go:146.3,148.36 2 0
github.com/cbellee/photo-api/cmd/photo/main.go:148.36,150.18 2 0
github.com/cbellee/photo-api/cmd/photo/main.go:150.18,152.5 1 0
github.com/cbellee/photo-api/cmd/photo/main.go:154.4,155.18 2 0
github.com/cbellee/photo-api/cmd/photo/main.go:155.18,157.5 1 0
github.com/cbellee/photo-api/cmd/photo/main.go:159.4,160.18 2 0
github.com/cbellee/photo-api/cmd/photo/main.go:160.18,162.5 1 0
github.com/cbellee/photo-api/cmd/photo/main.go:164.4,165.18 2 0
github.com/cbellee/photo-api/cmd/photo/main.go:165.18,167.5 1 0
github.com/cbellee/photo-api/cmd/photo/main.go:169.4,170.18 2 0
github.com/cbellee/photo-api/cmd/photo/main.go:170.18,172.5 1 0
github.com/cbellee/photo-api/cmd/photo/main.go:174.4,175.18 2 0
github.com/cbellee/photo-api/cmd/photo/main.go:175.18,177.5 1 0
github.com/cbellee/photo-api/cmd/photo/main.go:179.4,194.34 2 0
github.com/cbellee/photo-api/cmd/photo/main.go:198.3,200.36 3 0
github.com/cbellee/photo-api/cmd/photo/main.go:204.112,205.54 1 1
github.com/cbellee/photo-api/cmd/photo/main.go:205.54,208.17 2 0
github.com/cbellee/photo-api/cmd/photo/main.go:208.17,211.4 2 0
github.com/cbellee/photo-api/cmd/photo/main.go:214.3,215.23 2 0
github.com/cbellee/photo-api/cmd/photo/main.go:215.23,217.4 1 0
github.com/cbellee/photo-api/cmd/photo/main.go:217.9,220.4 2 0
github.com/cbellee/photo-api/cmd/photo/main.go:222.3,222.20 1 0
github.com/cbellee/photo-api/cmd/photo/main.go:222.20,225.4 2 0
github.com/cbellee/photo-api/cmd/photo/main.go:228.3,231.17 3 0
github.com/cbellee/photo-api/cmd/photo/main.go:231.17,234.4 2 0
github.com/cbellee/photo-api/cmd/photo/main.go:237.3,238.17 2 0
github.com/cbellee/photo-api/cmd/photo/main.go:238.17,241.4 2 0
github.com/cbellee/photo-api/cmd/photo/main.go:249.3,254.36 2 0
github.com/cbellee/photo-api/cmd/photo/main.go:254.36,259.4 3 0
github.com/cbellee/photo-api/cmd/photo/main.go:262.3,263.17 2 0
github.com/cbellee/photo-api/cmd/photo/main.go:263.17,267.4 3 0
github.com/cbellee/photo-api/cmd/photo/main.go:270.3,270.104 1 0
github.com/cbellee/photo-api/cmd/photo/main.go:270.104,278.18 4 0
github.com/cbellee/photo-api/cmd/photo/main.go:278.18,282.5 3 0
github.com/cbellee/photo-api/cmd/photo/main.go:286.3,287.17 2 0
github.com/cbellee/photo-api/cmd/photo/main.go:287.17,290.4 2 0
github.com/cbellee/photo-api/cmd/photo/main.go:294.112,295.54 1 1
github.com/cbellee/photo-api/cmd/photo/main.go:295.54,300.17 3 0
github.com/cbellee/photo-api/cmd/photo/main.go:300.17,303.4 2 0
github.com/cbellee/photo-api/cmd/photo/main.go:306.3,307.23 2 0
github.com/cbellee/photo-api/cmd/photo/main.go:307.23,309.4 1 0
github.com/cbellee/photo-api/cmd/photo/main.go:309.9,312.4 2 0
github.com/cbellee/photo-api/cmd/photo/main.go:314.3,314.20 1 0
github.com/cbellee/photo-api/cmd/photo/main.go:314.20,317.4 2 0
github.com/cbellee/photo-api/cmd/photo/main.go:319.3,320.17 2 0
github.com/cbellee/photo-api/cmd/photo/main.go:320.17,322.4 1 0
github.com/cbellee/photo-api/cmd/photo/main.go:324.3,327.17 4 0
github.com/cbellee/photo-api/cmd/photo/main.go:327.17,330.4 2 0
github.com/cbellee/photo-api/cmd/photo/main.go:332.3,344.25 9 0
github.com/cbellee/photo-api/cmd/photo/main.go:344.25,346.4 1 0
github.com/cbellee/photo-api/cmd/photo/main.go:346.9,348.4 1 0
github.com/cbellee/photo-api/cmd/photo/main.go:350.3,350.20 1 0
github.com/cbellee/photo-api/cmd/photo/main.go:350.20,352.4 1 0
github.com/cbellee/photo-api/cmd/photo/main.go:352.9,354.4 1 0
github.com/cbellee/photo-api/cmd/photo/main.go:357.3,357.26 1 0
github.com/cbellee/photo-api/cmd/photo/main.go:357.26,360.4 2 0
github.com/cbellee/photo-api/cmd/photo/main.go:362.3,363.17 2 0
github.com/cbellee/photo-api/cmd/photo/main.go:363.17,366.4 2 0
github.com/cbellee/photo-api/cmd/photo/main.go:368.3,369.47 2 0
github.com/cbellee/photo-api/cmd/photo/main.go:369.47,372.4 2 0
github.com/cbellee/photo-api/cmd/photo/main.go:374.3,375.17 2 0
github.com/cbellee/photo-api/cmd/photo/main.go:375.17,378.4 2 0
github.com/cbellee/photo-api/cmd/photo/main.go:380.3,382.17 3 0
github.com/cbellee/photo-api/cmd/photo/main.go:382.17,385.4 1 0
github.com/cbellee/photo-api/cmd/photo/main.go:387.3,403.4 6 0
github.com/cbellee/photo-api/cmd/photo/main.go:407.83,408.54 1 1
github.com/cbellee/photo-api/cmd/photo/main.go:408.54,416.17 5 0
github.com/cbellee/photo-api/cmd/photo/main.go:416.17,418.4 1 0
github.com/cbellee/photo-api/cmd/photo/main.go:420.3,420.30 1 0
github.com/cbellee/photo-api/cmd/photo/main.go:420.30,426.18 4 0
github.com/cbellee/photo-api/cmd/photo/main.go:426.18,428.5 1 0
github.com/cbellee/photo-api/cmd/photo/main.go:430.4,430.55 1 0
github.com/cbellee/photo-api/cmd/photo/main.go:430.55,433.5 2 0
github.com/cbellee/photo-api/cmd/photo/main.go:433.10,437.19 3 0
github.com/cbellee/photo-api/cmd/photo/main.go:437.19,439.6 1 0
github.com/cbellee/photo-api/cmd/photo/main.go:443.3,445.54 2 0
github.com/cbellee/photo-api/cmd/photo/main.go:445.54,447.4 1 0
github.com/cbellee/photo-api/cmd/photo/main.go:449.3,449.35 1 0
github.com/cbellee/photo-api/cmd/photo/main.go:449.35,452.18 3 0
github.com/cbellee/photo-api/cmd/photo/main.go:452.18,454.5 1 0
github.com/cbellee/photo-api/cmd/photo/main.go:456.4,457.18 2 0
github.com/cbellee/photo-api/cmd/photo/main.go:457.18,459.5 1 0
github.com/cbellee/photo-api/cmd/photo/main.go:461.4,462.18 2 0
github.com/cbellee/photo-api/cmd/photo/main.go:462.18,464.5 1 0
github.com/cbellee/photo-api/cmd/photo/main.go:466.4,475.34 2 0
github.com/cbellee/photo-api/cmd/photo/main.go:479.3,480.36 2 0
github.com/cbellee/photo-api/cmd/photo/main.go:484.78,485.54 1 1
github.com/cbellee/photo-api/cmd/photo/main.go:485.54,488.23 2 0
github.com/cbellee/photo-api/cmd/photo/main.go:488.23,490.4 1 0
github.com/cbellee/photo-api/cmd/photo/main.go:493.3,495.17 3 0
github.com/cbellee/photo-api/cmd/photo/main.go:495.17,497.4 1 0
github.com/cbellee/photo-api/cmd/photo/main.go:499.3,501.35 2 0
github.com/cbellee/photo-api/cmd/photo/main.go:501.35,504.18 3 0
github.com/cbellee/photo-api/cmd/photo/main.go:504.18,506.5 1 0
github.com/cbellee/photo-api/cmd/photo/main.go:508.4,509.18 2 0
github.com/cbellee/photo-api/cmd/photo/main.go:509.18,511.5 1 0
github.com/cbellee/photo-api/cmd/photo/main.go:513.4,514.18 2 0
github.com/cbellee/photo-api/cmd/photo/main.go:514.18,516.5 1 0
github.com/cbellee/photo-api/cmd/photo/main.go:518.4,528.34 2 0
github.com/cbellee/photo-api/cmd/photo/main.go:532.3,533.36 2 0
github.com/cbellee/photo-api/cmd/photo/main.go:537.109,541.16 3 0
github.com/cbellee/photo-api/cmd/photo/main.go:541.16,544.3 2 0
github.com/cbellee/photo-api/cmd/photo/main.go:546.2,546.29 1 0
github.com/cbellee/photo-api/cmd/photo/main.go:546.29,548.3 1 0
github.com/cbellee/photo-api/cmd/photo/main.go:550.2,550.27 1 0
github.com/cbellee/photo-api/cmd/photo/main.go:553.117,558.16 4 0
github.com/cbellee/photo-api/cmd/photo/main.go:558.16,561.3 2 0
github.com/cbellee/photo-api/cmd/photo/main.go:563.2,563.35 1 0
github.com/cbellee/photo-api/cmd/photo/main.go:563.35,567.17 3 0
github.com/cbellee/photo-api/cmd/photo/main.go:567.17,570.4 2 0
github.com/cbellee/photo-api/cmd/photo/main.go:572.3,573.17 2 0
github.com/cbellee/photo-api/cmd/photo/main.go:573.17,575.4 1 0
github.com/cbellee/photo-api/cmd/photo/main.go:577.3,584.27 2 0
github.com/cbellee/photo-api/cmd/photo/main.go:586.2,586.21 1 0
github.com/cbellee/photo-api/cmd/photo/main.go:586.21,589.3 2 0
github.com/cbellee/photo-api/cmd/photo/main.go:591.2,592.19 2 0
