mode: set
github.com/cbellee/photo-api/cmd/photo/main.go:45.13,51.54 4 0
github.com/cbellee/photo-api/cmd/photo/main.go:51.54,53.3 1 0
github.com/cbellee/photo-api/cmd/photo/main.go:56.2,70.61 7 0
github.com/cbellee/photo-api/cmd/photo/main.go:70.61,72.3 1 0
github.com/cbellee/photo-api/cmd/photo/main.go:72.8,74.3 1 0
github.com/cbellee/photo-api/cmd/photo/main.go:76.2,77.16 2 0
github.com/cbellee/photo-api/cmd/photo/main.go:77.16,80.3 2 0
github.com/cbellee/photo-api/cmd/photo/main.go:82.2,105.47 13 0
github.com/cbellee/photo-api/cmd/photo/main.go:108.80,109.54 1 1
github.com/cbellee/photo-api/cmd/photo/main.go:109.54,114.17 3 0
github.com/cbellee/photo-api/cmd/photo/main.go:114.17,117.4 2 0
github.com/cbellee/photo-api/cmd/photo/main.go:119.3,122.41 3 0
github.com/cbellee/photo-api/cmd/photo/main.go:126.78,127.54 1 1
github.com/cbellee/photo-api/cmd/photo/main.go:127.54,130.23 2 0
github.com/cbellee/photo-api/cmd/photo/main.go:130.23,132.4 1 0
github.com/cbellee/photo-api/cmd/photo/main.go:134.3,135.18 2 0
github.com/cbellee/photo-api/cmd/photo/main.go:135.18,137.4 1 0
github.com/cbellee/photo-api/cmd/photo/main.go:140.3,142.17 3 0
github.com/cbellee/photo-api/cmd/photo/main.go:142.17,144.4 1 0
github.com/cbellee/photo-api/cmd/photo/main.go:146.3,148.36 2 0
github.com/cbellee/photo-api/cmd/photo/main.go:148.36,150.18 2 0
github.com/cbellee/photo-api/cmd/photo/main.go:150.18,152.5 1 0
github.com/cbellee/photo-api/cmd/photo/main.go:154.4,155.18 2 0
github.com/cbellee/photo-api/cmd/photo/main.go:155.18,157.5 1 0
github.com/cbellee/photo-api/cmd/photo/main.go:159.4,160.18 2 0
github.com/cbellee/photo-api/cmd/photo/main.go:160.18,162.5 1 0
github.com/cbellee/photo-api/cmd/photo/main.go:164.4,165.18 2 0
github.com/cbellee/photo-api/cmd/photo/main.go:165.18,167.5 1 0
github.com/cbellee/photo-api/cmd/photo/main.go:169.4,170.18 2 0
github.com/cbellee/photo-api/cmd/photo/main.go:170.18,172.5 1 0
github.com/cbellee/photo-api/cmd/photo/main.go:174.4,175.18 2 0
github.com/cbellee/photo-api/cmd/photo/main.go:175.18,177.5 1 0
github.com/cbellee/photo-api/cmd/photo/main.go:179.4,194.34 2 0
github.com/cbellee/photo-api/cmd/photo/main.go:198.3,200.36 3 0
github.com/cbellee/photo-api/cmd/photo/main.go:204.112,205.54 1 1
github.com/cbellee/photo-api/cmd/photo/main.go:205.54,208.17 2 0
github.com/cbellee/photo-api/cmd/photo/main.go:208.17,211.4 2 0
github.com/cbellee/photo-api/cmd/photo/main.go:214.3,215.23 2 0
github.com/cbellee/photo-api/cmd/photo/main.go:215.23,217.4 1 0
github.com/cbellee/photo-api/cmd/photo/main.go:217.9,220.4 2 0
github.com/cbellee/photo-api/cmd/photo/main.go:222.3,222.20 1 0
github.com/cbellee/photo-api/cmd/photo/main.go:222.20,225.4 2 0
github.com/cbellee/photo-api/cmd/photo/main.go:228.3,231.17 3 0
github.com/cbellee/photo-api/cmd/photo/main.go:231.17,234.4 2 0
github.com/cbellee/photo-api/cmd/photo/main.go:237.3,238.17 2 0
github.com/cbellee/photo-api/cmd/photo/main.go:238.17,241.4 2 0
github.com/cbellee/photo-api/cmd/photo/main.go:249.3,254.36 2 0
github.com/cbellee/photo-api/cmd/photo/main.go:254.36,259.4 3 0
github.com/cbellee/photo-api/cmd/photo/main.go:262.3,263.17 2 0
github.com/cbellee/photo-api/cmd/photo/main.go:263.17,267.4 3 0
github.com/cbellee/photo-api/cmd/photo/main.go:270.3,270.104 1 0
github.com/cbellee/photo-api/cmd/photo/main.go:270.104,278.18 4 0
github.com/cbellee/photo-api/cmd/photo/main.go:278.18,282.5 3 0
github.com/cbellee/photo-api/cmd/photo/main.go:286.3,287.17 2 0
github.com/cbellee/photo-api/cmd/photo/main.go:287.17,290.4 2 0
github.com/cbellee/photo-api/cmd/photo/main.go:294.112,295.54 1 1
github.com/cbellee/photo-api/cmd/photo/main.go:295.54,300.17 3 0
github.com/cbellee/photo-api/cmd/photo/main.go:300.17,303.4 2 0
github.com/cbellee/photo-api/cmd/photo/main.go:306.3,307.23 2 0
github.com/cbellee/photo-api/cmd/photo/main.go:307.23,309.4 1 0
github.com/cbellee/photo-api/cmd/photo/main.go:309.9,312.4 2 0
github.com/cbellee/photo-api/cmd/photo/main.go:314.3,314.20 1 0
github.com/cbellee/photo-api/cmd/photo/main.go:314.20,317.4 2 0
github.com/cbellee/photo-api/cmd/photo/main.go:319.3,320.17 2 0
github.com/cbellee/photo-api/cmd/photo/main.go:320.17,322.4 1 0
github.com/cbellee/photo-api/cmd/photo/main.go:324.3,327.17 4 0
github.com/cbellee/photo-api/cmd/photo/main.go:327.17,330.4 2 0
github.com/cbellee/photo-api/cmd/photo/main.go:332.3,344.25 9 0
github.com/cbellee/photo-api/cmd/photo/main.go:344.25,346.4 1 0
github.com/cbellee/photo-api/cmd/photo/main.go:346.9,348.4 1 0
github.com/cbellee/photo-api/cmd/photo/main.go:350.3,350.20 1 0
github.com/cbellee/photo-api/cmd/photo/main.go:350.20,352.4 1 0
github.com/cbellee/photo-api/cmd/photo/main.go:352.9,354.4 1 0
github.com/cbellee/photo-api/cmd/photo/main.go:357.3,357.26 1 0
github.com/cbellee/photo-api/cmd/photo/main.go:357.26,360.4 2 0
github.com/cbellee/photo-api/cmd/photo/main.go:362.3,363.17 2 0
github.com/cbellee/photo-api/cmd/photo/main.go:363.17,366.4 2 0
github.com/cbellee/photo-api/cmd/photo/main.go:368.3,369.47 2 0
github.com/cbellee/photo-api/cmd/photo/main.go:369.47,372.4 2 0
github.com/cbellee/photo-api/cmd/photo/main.go:374.3,375.17 2 0
github.com/cbellee/photo-api/cmd/photo/main.go:375.17,378.4 2 0
github.com/cbellee/photo-api/cmd/photo/main.go:380.3,382.17 3 0
github.com/cbellee/photo-api/cmd/photo/main.go:382.17,385.4 1 0
github.com/cbellee/photo-api/cmd/photo/main.go:387.3,403.4 6 0
github.com/cbellee/photo-api/cmd/photo/main.go:407.83,408.54 1 1
github.com/cbellee/photo-api/cmd/photo/main.go:408.54,416.17 5 0
github.com/cbellee/photo-api/cmd/photo/main.go:416.17,418.4 1 0
github.com/cbellee/photo-api/cmd/photo/main.go:420.3,420.30 1 0
github.com/cbellee/photo-api/cmd/photo/main.go:420.30,426.18 4 0
github.com/cbellee/photo-api/cmd/photo/main.go:426.18,428.5 1 0
github.com/cbellee/photo-api/cmd/photo/main.go:430.4,430.55 1 0
github.com/cbellee/photo-api/cmd/photo/main.go:430.55,433.5 2 0
github.com/cbellee/photo-api/cmd/photo/main.go:433.10,437.19 3 0
github.com/cbellee/photo-api/cmd/photo/main.go:437.19,439.6 1 0
github.com/cbellee/photo-api/cmd/photo/main.go:443.3,445.54 2 0
github.com/cbellee/photo-api/cmd/photo/main.go:445.54,447.4 1 0
github.com/cbellee/photo-api/cmd/photo/main.go:449.3,449.35 1 0
github.com/cbellee/photo-api/cmd/photo/main.go:449.35,452.18 3 0
github.com/cbellee/photo-api/cmd/photo/main.go:452.18,454.5 1 0
github.com/cbellee/photo-api/cmd/photo/main.go:456.4,457.18 2 0
github.com/cbellee/photo-api/cmd/photo/main.go:457.18,459.5 1 0
github.com/cbellee/photo-api/cmd/photo/main.go:461.4,462.18 2 0
github.com/cbellee/photo-api/cmd/photo/main.go:462.18,464.5 1 0
github.com/cbellee/photo-api/cmd/photo/main.go:466.4,475.34 2 0
github.com/cbellee/photo-api/cmd/photo/main.go:479.3,480.36 2 0
github.com/cbellee/photo-api/cmd/photo/main.go:484.78,485.54 1 1
github.com/cbellee/photo-api/cmd/photo/main.go:485.54,488.23 2 0
github.com/cbellee/photo-api/cmd/photo/main.go:488.23,490.4 1 0
github.com/cbellee/photo-api/cmd/photo/main.go:493.3,495.17 3 0
github.com/cbellee/photo-api/cmd/photo/main.go:495.17,497.4 1 0
github.com/cbellee/photo-api/cmd/photo/main.go:499.3,501.35 2 0
github.com/cbellee/photo-api/cmd/photo/main.go:501.35,504.18 3 0
github.com/cbellee/photo-api/cmd/photo/main.go:504.18,506.5 1 0
github.com/cbellee/photo-api/cmd/photo/main.go:508.4,509.18 2 0
github.com/cbellee/photo-api/cmd/photo/main.go:509.18,511.5 1 0
github.com/cbellee/photo-api/cmd/photo/main.go:513.4,514.18 2 0
github.com/cbellee/photo-api/cmd/photo/main.go:514.18,516.5 1 0
github.com/cbellee/photo-api/cmd/photo/main.go:518.4,528.34 2 0
github.com/cbellee/photo-api/cmd/photo/main.go:532.3,533.36 2 0
github.com/cbellee/photo-api/cmd/photo/main.go:537.109,541.16 3 0
github.com/cbellee/photo-api/cmd/photo/main.go:541.16,544.3 2 0
github.com/cbellee/photo-api/cmd/photo/main.go:546.2,546.29 1 0
github.com/cbellee/photo-api/cmd/photo/main.go:546.29,548.3 1 0
github.com/cbellee/photo-api/cmd/photo/main.go:550.2,550.27 1 0
github.com/cbellee/photo-api/cmd/photo/main.go:553.117,558.16 4 0
github.com/cbellee/photo-api/cmd/photo/main.go:558.16,561.3 2 0
github.com/cbellee/photo-api/cmd/photo/main.go:563.2,563.35 1 0
github.com/cbellee/photo-api/cmd/photo/main.go:563.35,567.17 3 0
github.com/cbellee/photo-api/cmd/photo/main.go:567.17,570.4 2 0
github.com/cbellee/photo-api/cmd/photo/main.go:572.3,573.17 2 0
github.com/cbellee/photo-api/cmd/photo/main.go:573.17,575.4 1 0
github.com/cbellee/photo-api/cmd/photo/main.go:577.3,584.27 2 0
github.com/cbellee/photo-api/cmd/photo/main.go:586.2,586.21 1 0
github.com/cbellee/photo-api/cmd/photo/main.go:586.21,589.3 2 0
github.com/cbellee/photo-api/cmd/photo/main.go:591.2,592.19 2 0
github.com/cbellee/photo-api/internal/exif/exif.go:10.54,12.16 2 0
github.com/cbellee/photo-api/internal/exif/exif.go:12.16,15.3 2 0
github.com/cbellee/photo-api/internal/exif/exif.go:17.2,18.16 2 0
github.com/cbellee/photo-api/internal/exif/exif.go:18.16,21.3 2 0
github.com/cbellee/photo-api/internal/exif/exif.go:23.2,24.24 2 0
github.com/cbellee/photo-api/internal/utils/utils.go:33.123,34.18 1 1
github.com/cbellee/photo-api/internal/utils/utils.go:34.18,35.26 1 1
github.com/cbellee/photo-api/internal/utils/utils.go:35.26,38.4 2 1
github.com/cbellee/photo-api/internal/utils/utils.go:41.3,50.17 6 1
github.com/cbellee/photo-api/internal/utils/utils.go:50.17,53.4 2 0
github.com/cbellee/photo-api/internal/utils/utils.go:53.9,55.18 2 1
github.com/cbellee/photo-api/internal/utils/utils.go:55.18,58.5 2 0
github.com/cbellee/photo-api/internal/utils/utils.go:60.8,65.17 4 1
github.com/cbellee/photo-api/internal/utils/utils.go:65.17,68.4 2 0
github.com/cbellee/photo-api/internal/utils/utils.go:68.9,70.18 2 1
github.com/cbellee/photo-api/internal/utils/utils.go:70.18,73.5 2 0
github.com/cbellee/photo-api/internal/utils/utils.go:76.2,76.20 1 1
github.com/cbellee/photo-api/internal/utils/utils.go:79.125,84.16 4 1
github.com/cbellee/photo-api/internal/utils/utils.go:84.16,86.3 1 0
github.com/cbellee/photo-api/internal/utils/utils.go:88.2,91.20 3 1
github.com/cbellee/photo-api/internal/utils/utils.go:91.20,95.3 3 1
github.com/cbellee/photo-api/internal/utils/utils.go:95.8,99.3 3 0
github.com/cbellee/photo-api/internal/utils/utils.go:102.2,102.21 1 1
github.com/cbellee/photo-api/internal/utils/utils.go:103.20,108.17 5 1
github.com/cbellee/photo-api/internal/utils/utils.go:108.17,111.4 2 0
github.com/cbellee/photo-api/internal/utils/utils.go:112.19,117.17 5 1
github.com/cbellee/photo-api/internal/utils/utils.go:117.17,120.4 2 0
github.com/cbellee/photo-api/internal/utils/utils.go:121.19,126.17 5 1
github.com/cbellee/photo-api/internal/utils/utils.go:126.17,129.4 2 0
github.com/cbellee/photo-api/internal/utils/utils.go:131.2,131.25 1 1
github.com/cbellee/photo-api/internal/utils/utils.go:134.67,139.16 4 1
github.com/cbellee/photo-api/internal/utils/utils.go:139.16,141.3 1 1
github.com/cbellee/photo-api/internal/utils/utils.go:143.2,144.16 2 1
github.com/cbellee/photo-api/internal/utils/utils.go:144.16,146.3 1 1
github.com/cbellee/photo-api/internal/utils/utils.go:147.2,149.17 2 1
github.com/cbellee/photo-api/internal/utils/utils.go:152.47,153.40 1 1
github.com/cbellee/photo-api/internal/utils/utils.go:153.40,156.3 2 1
github.com/cbellee/photo-api/internal/utils/utils.go:157.2,158.17 2 1
github.com/cbellee/photo-api/internal/utils/utils.go:161.165,164.19 2 0
github.com/cbellee/photo-api/internal/utils/utils.go:164.19,166.17 2 0
github.com/cbellee/photo-api/internal/utils/utils.go:166.17,168.4 1 0
github.com/cbellee/photo-api/internal/utils/utils.go:170.3,171.34 2 0
github.com/cbellee/photo-api/internal/utils/utils.go:171.34,172.48 1 0
github.com/cbellee/photo-api/internal/utils/utils.go:172.48,174.21 2 0
github.com/cbellee/photo-api/internal/utils/utils.go:174.21,176.6 1 0
github.com/cbellee/photo-api/internal/utils/utils.go:178.5,181.53 2 0
github.com/cbellee/photo-api/internal/utils/utils.go:185.2,185.10 1 0
github.com/cbellee/photo-api/internal/utils/utils.go:188.131,195.16 5 0
github.com/cbellee/photo-api/internal/utils/utils.go:195.16,198.3 2 0
github.com/cbellee/photo-api/internal/utils/utils.go:200.2,202.52 3 0
github.com/cbellee/photo-api/internal/utils/utils.go:202.52,204.3 1 0
github.com/cbellee/photo-api/internal/utils/utils.go:206.2,206.18 1 0
github.com/cbellee/photo-api/internal/utils/utils.go:209.131,218.16 7 0
github.com/cbellee/photo-api/internal/utils/utils.go:218.16,221.3 2 0
github.com/cbellee/photo-api/internal/utils/utils.go:223.2,224.12 2 0
github.com/cbellee/photo-api/internal/utils/utils.go:227.139,232.16 4 0
github.com/cbellee/photo-api/internal/utils/utils.go:232.16,235.3 2 0
github.com/cbellee/photo-api/internal/utils/utils.go:238.2,239.16 2 0
github.com/cbellee/photo-api/internal/utils/utils.go:239.16,242.3 2 0
github.com/cbellee/photo-api/internal/utils/utils.go:244.2,245.46 2 0
github.com/cbellee/photo-api/internal/utils/utils.go:245.46,248.3 2 0
github.com/cbellee/photo-api/internal/utils/utils.go:250.2,251.15 2 0
github.com/cbellee/photo-api/internal/utils/utils.go:254.135,266.19 3 0
github.com/cbellee/photo-api/internal/utils/utils.go:266.19,268.17 2 0
github.com/cbellee/photo-api/internal/utils/utils.go:268.17,270.9 2 0
github.com/cbellee/photo-api/internal/utils/utils.go:273.3,273.48 1 0
github.com/cbellee/photo-api/internal/utils/utils.go:273.48,278.38 4 0
github.com/cbellee/photo-api/internal/utils/utils.go:278.38,279.31 1 0
github.com/cbellee/photo-api/internal/utils/utils.go:279.31,281.6 1 0
github.com/cbellee/photo-api/internal/utils/utils.go:283.5,283.26 1 0
github.com/cbellee/photo-api/internal/utils/utils.go:283.26,285.6 1 0
github.com/cbellee/photo-api/internal/utils/utils.go:288.4,288.48 1 0
github.com/cbellee/photo-api/internal/utils/utils.go:288.48,290.5 1 0
github.com/cbellee/photo-api/internal/utils/utils.go:293.2,293.24 1 0
github.com/cbellee/photo-api/internal/utils/utils.go:296.140,303.16 5 0
github.com/cbellee/photo-api/internal/utils/utils.go:303.16,306.3 2 0
github.com/cbellee/photo-api/internal/utils/utils.go:309.2,310.16 2 0
github.com/cbellee/photo-api/internal/utils/utils.go:310.16,313.3 2 0
github.com/cbellee/photo-api/internal/utils/utils.go:315.2,316.16 2 0
github.com/cbellee/photo-api/internal/utils/utils.go:316.16,319.3 2 0
github.com/cbellee/photo-api/internal/utils/utils.go:321.2,321.16 1 0
github.com/cbellee/photo-api/internal/utils/utils.go:321.16,323.3 1 0
github.com/cbellee/photo-api/internal/utils/utils.go:325.2,326.20 2 0
github.com/cbellee/photo-api/internal/utils/utils.go:337.42,342.35 4 0
github.com/cbellee/photo-api/internal/utils/utils.go:342.35,345.3 2 0
github.com/cbellee/photo-api/internal/utils/utils.go:347.2,351.16 2 0
github.com/cbellee/photo-api/internal/utils/utils.go:351.16,354.3 2 0
github.com/cbellee/photo-api/internal/utils/utils.go:356.2,358.12 3 0
github.com/cbellee/photo-api/internal/utils/utils.go:361.70,369.21 1 1
github.com/cbellee/photo-api/internal/utils/utils.go:369.21,372.3 2 0
github.com/cbellee/photo-api/internal/utils/utils.go:375.2,376.27 2 1
github.com/cbellee/photo-api/internal/utils/utils.go:376.27,379.3 2 1
github.com/cbellee/photo-api/internal/utils/utils.go:382.2,382.14 1 1
github.com/cbellee/photo-api/internal/utils/utils.go:394.34,401.35 5 0
github.com/cbellee/photo-api/internal/utils/utils.go:401.35,404.3 2 0
github.com/cbellee/photo-api/internal/utils/utils.go:406.2,413.16 2 0
github.com/cbellee/photo-api/internal/utils/utils.go:413.16,416.3 2 0
github.com/cbellee/photo-api/internal/utils/utils.go:418.2,419.12 2 0
github.com/cbellee/photo-api/internal/utils/utils.go:422.61,432.2 7 0
github.com/cbellee/photo-api/internal/utils/utils.go:434.44,435.22 1 0
github.com/cbellee/photo-api/internal/utils/utils.go:435.22,436.15 1 0
github.com/cbellee/photo-api/internal/utils/utils.go:436.15,438.4 1 0
github.com/cbellee/photo-api/internal/utils/utils.go:440.2,440.14 1 0
github.com/cbellee/photo-api/internal/utils/utils.go:443.54,446.2 2 0
github.com/cbellee/photo-api/internal/utils/utils.go:448.16,449.33 1 0
github.com/cbellee/photo-api/internal/utils/utils.go:449.33,451.3 1 0
github.com/cbellee/photo-api/internal/utils/utils.go:454.52,456.23 2 0
github.com/cbellee/photo-api/internal/utils/utils.go:456.23,458.3 1 0
github.com/cbellee/photo-api/internal/utils/utils.go:460.2,461.25 2 0
github.com/cbellee/photo-api/internal/utils/utils.go:464.77,466.16 2 0
github.com/cbellee/photo-api/internal/utils/utils.go:466.16,468.3 1 0
github.com/cbellee/photo-api/internal/utils/utils.go:471.2,475.16 3 0
github.com/cbellee/photo-api/internal/utils/utils.go:475.16,477.3 1 0
github.com/cbellee/photo-api/internal/utils/utils.go:479.2,484.16 5 0
github.com/cbellee/photo-api/internal/utils/utils.go:484.16,486.3 1 0
github.com/cbellee/photo-api/internal/utils/utils.go:486.8,486.67 1 0
github.com/cbellee/photo-api/internal/utils/utils.go:486.67,488.3 1 0
github.com/cbellee/photo-api/internal/utils/utils.go:488.8,490.3 1 0
github.com/cbellee/photo-api/internal/utils/utils.go:493.2,494.20 2 0
github.com/cbellee/photo-api/cmd/resize/main.go:38.13,48.16 5 0
github.com/cbellee/photo-api/cmd/resize/main.go:48.16,51.3 2 0
github.com/cbellee/photo-api/cmd/resize/main.go:53.2,56.61 3 0
github.com/cbellee/photo-api/cmd/resize/main.go:56.61,58.3 1 0
github.com/cbellee/photo-api/cmd/resize/main.go:58.8,60.3 1 0
github.com/cbellee/photo-api/cmd/resize/main.go:62.2,63.16 2 0
github.com/cbellee/photo-api/cmd/resize/main.go:63.16,66.3 2 0
github.com/cbellee/photo-api/cmd/resize/main.go:69.2,69.90 1 0
github.com/cbellee/photo-api/cmd/resize/main.go:69.90,72.3 2 0
github.com/cbellee/photo-api/cmd/resize/main.go:73.2,77.34 3 0
github.com/cbellee/photo-api/cmd/resize/main.go:77.34,80.3 2 0
github.com/cbellee/photo-api/cmd/resize/main.go:83.90,86.16 2 0
github.com/cbellee/photo-api/cmd/resize/main.go:86.16,88.3 1 0
github.com/cbellee/photo-api/cmd/resize/main.go:89.2,90.16 2 0
github.com/cbellee/photo-api/cmd/resize/main.go:90.16,92.3 1 0
github.com/cbellee/photo-api/cmd/resize/main.go:94.2,95.16 2 0
github.com/cbellee/photo-api/cmd/resize/main.go:95.16,97.3 1 0
github.com/cbellee/photo-api/cmd/resize/main.go:99.2,115.16 3 0
github.com/cbellee/photo-api/cmd/resize/main.go:115.16,117.3 1 0
github.com/cbellee/photo-api/cmd/resize/main.go:119.2,128.16 8 0
github.com/cbellee/photo-api/cmd/resize/main.go:128.16,131.3 2 0
github.com/cbellee/photo-api/cmd/resize/main.go:134.2,135.16 2 0
github.com/cbellee/photo-api/cmd/resize/main.go:135.16,138.3 2 0
github.com/cbellee/photo-api/cmd/resize/main.go:141.2,142.16 2 0
github.com/cbellee/photo-api/cmd/resize/main.go:142.16,145.3 2 0
github.com/cbellee/photo-api/cmd/resize/main.go:148.2,149.16 2 0
github.com/cbellee/photo-api/cmd/resize/main.go:149.16,152.3 2 0
github.com/cbellee/photo-api/cmd/resize/main.go:154.2,155.16 2 0
github.com/cbellee/photo-api/cmd/resize/main.go:155.16,157.3 1 0
github.com/cbellee/photo-api/cmd/resize/main.go:159.2,171.16 9 0
github.com/cbellee/photo-api/cmd/resize/main.go:171.16,174.3 2 0
github.com/cbellee/photo-api/cmd/resize/main.go:176.2,176.17 1 0
github.com/cbellee/photo-api/internal/exif/exif.go:10.54,12.16 2 0
github.com/cbellee/photo-api/internal/exif/exif.go:12.16,15.3 2 0
github.com/cbellee/photo-api/internal/exif/exif.go:17.2,18.16 2 0
github.com/cbellee/photo-api/internal/exif/exif.go:18.16,21.3 2 0
github.com/cbellee/photo-api/internal/exif/exif.go:23.2,24.24 2 0
