mode: set
github.com/cbellee/photo-api/cmd/photo/main.go:28.13,37.16 4 0
github.com/cbellee/photo-api/cmd/photo/main.go:37.16,39.3 1 0
github.com/cbellee/photo-api/cmd/photo/main.go:43.2,44.22 2 0
github.com/cbellee/photo-api/cmd/photo/main.go:44.22,48.3 3 0
github.com/cbellee/photo-api/cmd/photo/main.go:49.2,66.16 5 0
github.com/cbellee/photo-api/cmd/photo/main.go:66.16,68.3 1 0
github.com/cbellee/photo-api/cmd/photo/main.go:68.8,70.3 1 0
github.com/cbellee/photo-api/cmd/photo/main.go:73.2,74.22 2 0
github.com/cbellee/photo-api/cmd/photo/main.go:74.22,78.3 1 0
github.com/cbellee/photo-api/cmd/photo/main.go:78.8,83.3 1 0
github.com/cbellee/photo-api/cmd/photo/main.go:84.2,89.54 4 0
github.com/cbellee/photo-api/cmd/photo/main.go:89.54,91.3 1 0
github.com/cbellee/photo-api/cmd/photo/main.go:92.2,96.80 3 0
github.com/cbellee/photo-api/cmd/photo/main.go:96.80,99.3 2 0
github.com/cbellee/photo-api/cmd/photo/main.go:99.8,101.62 2 0
github.com/cbellee/photo-api/cmd/photo/main.go:101.62,103.4 1 0
github.com/cbellee/photo-api/cmd/photo/main.go:103.9,105.4 1 0
github.com/cbellee/photo-api/cmd/photo/main.go:107.3,108.17 2 0
github.com/cbellee/photo-api/cmd/photo/main.go:108.17,111.4 2 0
github.com/cbellee/photo-api/cmd/photo/main.go:112.3,112.60 1 0
github.com/cbellee/photo-api/cmd/photo/main.go:116.2,120.78 3 0
github.com/cbellee/photo-api/cmd/photo/main.go:120.78,124.3 3 0
github.com/cbellee/photo-api/cmd/photo/main.go:129.2,129.77 1 0
github.com/cbellee/photo-api/cmd/photo/main.go:129.77,137.17 4 0
github.com/cbellee/photo-api/cmd/photo/main.go:137.17,143.4 5 0
github.com/cbellee/photo-api/cmd/photo/main.go:144.3,146.37 3 0
github.com/cbellee/photo-api/cmd/photo/main.go:149.2,180.12 13 0
github.com/cbellee/photo-api/cmd/photo/main.go:180.12,181.77 1 0
github.com/cbellee/photo-api/cmd/photo/main.go:181.77,184.4 2 0
github.com/cbellee/photo-api/cmd/photo/main.go:187.2,192.47 5 0
github.com/cbellee/photo-api/cmd/photo/main.go:192.47,194.3 1 0
github.com/cbellee/photo-api/cmd/photo/main.go:197.2,197.22 1 0
github.com/cbellee/photo-api/cmd/photo/main.go:197.22,201.3 3 0
github.com/cbellee/photo-api/cmd/photo/main.go:204.2,209.28 3 0
github.com/cbellee/photo-api/internal/telemetry/telemetry.go:39.51,40.29 1 0
github.com/cbellee/photo-api/internal/telemetry/telemetry.go:40.29,42.3 1 0
github.com/cbellee/photo-api/internal/telemetry/telemetry.go:43.2,43.28 1 0
github.com/cbellee/photo-api/internal/telemetry/telemetry.go:43.28,45.3 1 0
github.com/cbellee/photo-api/internal/telemetry/telemetry.go:46.2,46.29 1 0
github.com/cbellee/photo-api/internal/telemetry/telemetry.go:46.29,48.3 1 0
github.com/cbellee/photo-api/internal/telemetry/telemetry.go:53.64,69.16 3 0
github.com/cbellee/photo-api/internal/telemetry/telemetry.go:69.16,71.3 1 0
github.com/cbellee/photo-api/internal/telemetry/telemetry.go:72.2,87.16 5 0
github.com/cbellee/photo-api/internal/telemetry/telemetry.go:87.16,89.3 1 0
github.com/cbellee/photo-api/internal/telemetry/telemetry.go:90.2,101.16 4 0
github.com/cbellee/photo-api/internal/telemetry/telemetry.go:101.16,103.3 1 0
github.com/cbellee/photo-api/internal/telemetry/telemetry.go:104.2,113.8 2 0
github.com/cbellee/photo-api/internal/handler/album.go:15.74,16.54 1 1
github.com/cbellee/photo-api/internal/handler/album.go:16.54,21.23 4 1
github.com/cbellee/photo-api/internal/handler/album.go:21.23,25.4 3 1
github.com/cbellee/photo-api/internal/handler/album.go:26.3,30.17 3 1
github.com/cbellee/photo-api/internal/handler/album.go:30.17,34.4 3 1
github.com/cbellee/photo-api/internal/handler/album.go:35.3,42.33 5 1
github.com/cbellee/photo-api/internal/handler/album.go:42.33,43.36 1 1
github.com/cbellee/photo-api/internal/handler/album.go:43.36,45.5 1 1
github.com/cbellee/photo-api/internal/handler/album.go:49.3,49.32 1 1
github.com/cbellee/photo-api/internal/handler/album.go:49.32,50.27 1 1
github.com/cbellee/photo-api/internal/handler/album.go:50.27,51.13 1 1
github.com/cbellee/photo-api/internal/handler/album.go:54.4,56.42 3 1
github.com/cbellee/photo-api/internal/handler/album.go:56.42,58.13 2 1
github.com/cbellee/photo-api/internal/handler/album.go:61.4,63.96 3 1
github.com/cbellee/photo-api/internal/handler/album.go:63.96,65.5 1 0
github.com/cbellee/photo-api/internal/handler/album.go:65.10,67.5 1 1
github.com/cbellee/photo-api/internal/handler/album.go:68.4,69.30 2 1
github.com/cbellee/photo-api/internal/handler/album.go:72.3,72.28 1 1
github.com/cbellee/photo-api/internal/handler/album.go:72.28,75.4 2 1
github.com/cbellee/photo-api/internal/handler/album.go:78.3,78.33 1 1
github.com/cbellee/photo-api/internal/handler/album.go:78.33,80.18 2 1
github.com/cbellee/photo-api/internal/handler/album.go:80.18,82.13 2 0
github.com/cbellee/photo-api/internal/handler/album.go:84.4,84.30 1 1
github.com/cbellee/photo-api/internal/handler/album.go:87.3,90.36 3 1
github.com/cbellee/photo-api/internal/handler/collection.go:17.79,18.54 1 1
github.com/cbellee/photo-api/internal/handler/collection.go:18.54,24.17 4 1
github.com/cbellee/photo-api/internal/handler/collection.go:24.17,28.4 3 1
github.com/cbellee/photo-api/internal/handler/collection.go:31.3,38.33 5 1
github.com/cbellee/photo-api/internal/handler/collection.go:38.33,39.41 1 1
github.com/cbellee/photo-api/internal/handler/collection.go:39.41,41.5 1 1
github.com/cbellee/photo-api/internal/handler/collection.go:46.3,46.35 1 1
github.com/cbellee/photo-api/internal/handler/collection.go:46.35,47.37 1 1
github.com/cbellee/photo-api/internal/handler/collection.go:47.37,48.13 1 1
github.com/cbellee/photo-api/internal/handler/collection.go:51.4,53.42 3 1
github.com/cbellee/photo-api/internal/handler/collection.go:53.42,55.13 2 0
github.com/cbellee/photo-api/internal/handler/collection.go:58.4,60.96 3 1
github.com/cbellee/photo-api/internal/handler/collection.go:60.96,62.5 1 0
github.com/cbellee/photo-api/internal/handler/collection.go:62.10,64.5 1 1
github.com/cbellee/photo-api/internal/handler/collection.go:65.4,66.40 2 1
github.com/cbellee/photo-api/internal/handler/collection.go:69.3,69.28 1 1
github.com/cbellee/photo-api/internal/handler/collection.go:69.28,72.4 2 1
github.com/cbellee/photo-api/internal/handler/collection.go:75.3,75.33 1 1
github.com/cbellee/photo-api/internal/handler/collection.go:75.33,77.18 2 1
github.com/cbellee/photo-api/internal/handler/collection.go:77.18,79.13 2 0
github.com/cbellee/photo-api/internal/handler/collection.go:81.4,81.30 1 1
github.com/cbellee/photo-api/internal/handler/collection.go:84.3,87.36 3 1
github.com/cbellee/photo-api/internal/handler/helpers.go:13.56,16.26 2 1
github.com/cbellee/photo-api/internal/handler/helpers.go:16.26,18.17 2 1
github.com/cbellee/photo-api/internal/handler/helpers.go:18.17,20.4 1 1
github.com/cbellee/photo-api/internal/handler/helpers.go:22.3,23.17 2 1
github.com/cbellee/photo-api/internal/handler/helpers.go:23.17,25.4 1 1
github.com/cbellee/photo-api/internal/handler/helpers.go:27.3,28.17 2 1
github.com/cbellee/photo-api/internal/handler/helpers.go:28.17,30.4 1 1
github.com/cbellee/photo-api/internal/handler/helpers.go:32.3,33.17 2 1
github.com/cbellee/photo-api/internal/handler/helpers.go:33.17,35.4 1 1
github.com/cbellee/photo-api/internal/handler/helpers.go:37.3,38.17 2 1
github.com/cbellee/photo-api/internal/handler/helpers.go:38.17,40.4 1 1
github.com/cbellee/photo-api/internal/handler/helpers.go:42.3,43.17 2 1
github.com/cbellee/photo-api/internal/handler/helpers.go:43.17,45.4 1 1
github.com/cbellee/photo-api/internal/handler/helpers.go:47.3,62.33 2 1
github.com/cbellee/photo-api/internal/handler/helpers.go:65.2,65.15 1 1
github.com/cbellee/photo-api/internal/handler/middleware.go:14.71,15.54 1 1
github.com/cbellee/photo-api/internal/handler/middleware.go:15.54,21.17 5 1
github.com/cbellee/photo-api/internal/handler/middleware.go:21.17,25.4 3 1
github.com/cbellee/photo-api/internal/handler/middleware.go:27.3,27.51 1 1
github.com/cbellee/photo-api/internal/handler/middleware.go:27.51,31.4 3 1
github.com/cbellee/photo-api/internal/handler/middleware.go:33.3,34.13 2 1
github.com/cbellee/photo-api/internal/handler/photo.go:14.74,15.54 1 1
github.com/cbellee/photo-api/internal/handler/photo.go:15.54,20.23 4 1
github.com/cbellee/photo-api/internal/handler/photo.go:20.23,24.4 3 1
github.com/cbellee/photo-api/internal/handler/photo.go:26.3,27.18 2 1
github.com/cbellee/photo-api/internal/handler/photo.go:27.18,31.4 3 1
github.com/cbellee/photo-api/internal/handler/photo.go:32.3,40.17 4 1
github.com/cbellee/photo-api/internal/handler/photo.go:40.17,44.4 3 1
github.com/cbellee/photo-api/internal/handler/photo.go:45.3,45.30 1 1
github.com/cbellee/photo-api/internal/handler/photo.go:45.30,48.4 2 1
github.com/cbellee/photo-api/internal/handler/photo.go:50.3,54.36 4 1
github.com/cbellee/photo-api/internal/handler/tags.go:12.76,13.54 1 1
github.com/cbellee/photo-api/internal/handler/tags.go:13.54,18.17 4 1
github.com/cbellee/photo-api/internal/handler/tags.go:18.17,22.4 3 1
github.com/cbellee/photo-api/internal/handler/tags.go:24.3,27.41 3 1
github.com/cbellee/photo-api/internal/handler/update.go:17.75,18.54 1 1
github.com/cbellee/photo-api/internal/handler/update.go:18.54,22.20 3 1
github.com/cbellee/photo-api/internal/handler/update.go:22.20,25.4 2 1
github.com/cbellee/photo-api/internal/handler/update.go:28.3,30.17 3 1
github.com/cbellee/photo-api/internal/handler/update.go:30.17,33.4 2 1
github.com/cbellee/photo-api/internal/handler/update.go:36.3,38.17 3 1
github.com/cbellee/photo-api/internal/handler/update.go:38.17,42.4 3 1
github.com/cbellee/photo-api/internal/handler/update.go:45.3,47.36 2 1
github.com/cbellee/photo-api/internal/handler/update.go:47.36,51.4 3 1
github.com/cbellee/photo-api/internal/handler/update.go:54.3,55.17 2 1
github.com/cbellee/photo-api/internal/handler/update.go:55.17,58.4 1 1
github.com/cbellee/photo-api/internal/handler/update.go:61.3,61.139 1 1
github.com/cbellee/photo-api/internal/handler/update.go:61.139,68.18 4 1
github.com/cbellee/photo-api/internal/handler/update.go:68.18,72.5 3 0
github.com/cbellee/photo-api/internal/handler/update.go:76.3,77.17 2 1
github.com/cbellee/photo-api/internal/handler/update.go:77.17,81.4 3 1
github.com/cbellee/photo-api/internal/handler/update.go:83.3,83.31 1 1
github.com/cbellee/photo-api/internal/handler/update.go:89.126,92.16 3 1
github.com/cbellee/photo-api/internal/handler/update.go:92.16,95.3 2 1
github.com/cbellee/photo-api/internal/handler/update.go:97.2,97.29 1 1
github.com/cbellee/photo-api/internal/handler/update.go:97.29,99.3 1 0
github.com/cbellee/photo-api/internal/handler/update.go:101.2,101.27 1 1
github.com/cbellee/photo-api/internal/handler/upload.go:22.75,23.54 1 1
github.com/cbellee/photo-api/internal/handler/upload.go:23.54,27.20 3 1
github.com/cbellee/photo-api/internal/handler/upload.go:27.20,30.4 2 1
github.com/cbellee/photo-api/internal/handler/upload.go:32.3,33.17 2 1
github.com/cbellee/photo-api/internal/handler/upload.go:33.17,36.4 2 0
github.com/cbellee/photo-api/internal/handler/upload.go:38.3,40.38 3 1
github.com/cbellee/photo-api/internal/handler/upload.go:40.38,43.4 2 1
github.com/cbellee/photo-api/internal/handler/upload.go:44.3,45.17 2 1
github.com/cbellee/photo-api/internal/handler/upload.go:45.17,49.4 3 1
github.com/cbellee/photo-api/internal/handler/upload.go:51.3,52.26 2 1
github.com/cbellee/photo-api/internal/handler/upload.go:52.26,55.4 2 1
github.com/cbellee/photo-api/internal/handler/upload.go:57.3,74.26 11 1
github.com/cbellee/photo-api/internal/handler/upload.go:74.26,76.4 1 1
github.com/cbellee/photo-api/internal/handler/upload.go:78.3,79.17 2 1
github.com/cbellee/photo-api/internal/handler/upload.go:79.17,83.4 3 0
github.com/cbellee/photo-api/internal/handler/upload.go:84.3,87.47 3 1
github.com/cbellee/photo-api/internal/handler/upload.go:87.47,91.4 3 0
github.com/cbellee/photo-api/internal/handler/upload.go:93.3,94.17 2 1
github.com/cbellee/photo-api/internal/handler/upload.go:94.17,98.4 3 1
github.com/cbellee/photo-api/internal/handler/upload.go:100.3,102.17 3 1
github.com/cbellee/photo-api/internal/handler/upload.go:102.17,105.4 1 1
github.com/cbellee/photo-api/internal/handler/upload.go:107.3,122.17 7 1
github.com/cbellee/photo-api/internal/handler/upload.go:122.17,126.4 3 1
github.com/cbellee/photo-api/internal/handler/upload.go:128.3,128.36 1 1
github.com/cbellee/photo-api/internal/exif/exif.go:11.47,13.16 2 1
github.com/cbellee/photo-api/internal/exif/exif.go:13.16,16.3 2 1
github.com/cbellee/photo-api/internal/exif/exif.go:18.2,19.16 2 0
github.com/cbellee/photo-api/internal/exif/exif.go:19.16,22.3 2 0
github.com/cbellee/photo-api/internal/exif/exif.go:24.2,25.24 2 0
github.com/cbellee/photo-api/cmd/resize/handler.go:38.64,40.2 1 1
github.com/cbellee/photo-api/cmd/resize/handler.go:43.88,47.15 3 1
github.com/cbellee/photo-api/cmd/resize/handler.go:47.15,49.3 1 1
github.com/cbellee/photo-api/cmd/resize/handler.go:52.2,53.16 2 1
github.com/cbellee/photo-api/cmd/resize/handler.go:53.16,56.3 2 1
github.com/cbellee/photo-api/cmd/resize/handler.go:57.2,61.16 3 1
github.com/cbellee/photo-api/cmd/resize/handler.go:61.16,64.3 2 1
github.com/cbellee/photo-api/cmd/resize/handler.go:65.2,75.16 4 1
github.com/cbellee/photo-api/cmd/resize/handler.go:75.16,78.3 2 1
github.com/cbellee/photo-api/cmd/resize/handler.go:81.2,82.16 2 1
github.com/cbellee/photo-api/cmd/resize/handler.go:82.16,85.3 2 1
github.com/cbellee/photo-api/cmd/resize/handler.go:86.2,87.16 2 1
github.com/cbellee/photo-api/cmd/resize/handler.go:87.16,90.3 2 0
github.com/cbellee/photo-api/cmd/resize/handler.go:93.2,94.16 2 1
github.com/cbellee/photo-api/cmd/resize/handler.go:94.16,97.3 2 0
github.com/cbellee/photo-api/cmd/resize/handler.go:100.2,101.16 2 1
github.com/cbellee/photo-api/cmd/resize/handler.go:101.16,104.3 2 0
github.com/cbellee/photo-api/cmd/resize/handler.go:105.2,114.16 6 1
github.com/cbellee/photo-api/cmd/resize/handler.go:114.16,117.3 2 1
github.com/cbellee/photo-api/cmd/resize/handler.go:119.2,119.17 1 1
github.com/cbellee/photo-api/cmd/resize/handler.go:124.51,126.16 2 1
github.com/cbellee/photo-api/cmd/resize/handler.go:126.16,128.3 1 0
github.com/cbellee/photo-api/cmd/resize/handler.go:130.2,131.20 2 1
github.com/cbellee/photo-api/cmd/resize/handler.go:131.20,133.3 1 1
github.com/cbellee/photo-api/cmd/resize/handler.go:135.2,140.8 1 1
github.com/cbellee/photo-api/cmd/resize/handler.go:144.71,159.2 1 1
github.com/cbellee/photo-api/cmd/resize/main.go:17.13,26.16 4 0
github.com/cbellee/photo-api/cmd/resize/main.go:26.16,28.3 1 0
github.com/cbellee/photo-api/cmd/resize/main.go:28.8,30.3 1 0
github.com/cbellee/photo-api/cmd/resize/main.go:33.2,34.22 2 0
github.com/cbellee/photo-api/cmd/resize/main.go:34.22,38.3 1 0
github.com/cbellee/photo-api/cmd/resize/main.go:38.8,43.3 1 0
github.com/cbellee/photo-api/cmd/resize/main.go:44.2,48.16 3 0
github.com/cbellee/photo-api/cmd/resize/main.go:48.16,51.3 2 0
github.com/cbellee/photo-api/cmd/resize/main.go:52.2,53.16 2 0
github.com/cbellee/photo-api/cmd/resize/main.go:53.16,56.3 2 0
github.com/cbellee/photo-api/cmd/resize/main.go:58.2,77.75 5 0
github.com/cbellee/photo-api/cmd/resize/main.go:77.75,81.3 2 0
github.com/cbellee/photo-api/cmd/resize/main.go:81.8,86.62 4 0
github.com/cbellee/photo-api/cmd/resize/main.go:86.62,88.4 1 0
github.com/cbellee/photo-api/cmd/resize/main.go:88.9,90.4 1 0
github.com/cbellee/photo-api/cmd/resize/main.go:92.3,93.21 2 0
github.com/cbellee/photo-api/cmd/resize/main.go:93.21,96.4 2 0
github.com/cbellee/photo-api/cmd/resize/main.go:97.3,97.60 1 0
github.com/cbellee/photo-api/cmd/resize/main.go:101.2,106.16 4 0
github.com/cbellee/photo-api/cmd/resize/main.go:106.16,109.3 2 0
github.com/cbellee/photo-api/cmd/resize/main.go:111.2,111.89 1 0
github.com/cbellee/photo-api/cmd/resize/main.go:111.89,114.3 2 0
github.com/cbellee/photo-api/cmd/resize/main.go:115.2,119.34 3 0
github.com/cbellee/photo-api/cmd/resize/main.go:119.34,122.3 2 0
github.com/cbellee/photo-api/internal/storage/azure.go:24.82,26.2 1 0
github.com/cbellee/photo-api/internal/storage/azure.go:28.124,32.16 3 0
github.com/cbellee/photo-api/internal/storage/azure.go:32.16,35.3 2 0
github.com/cbellee/photo-api/internal/storage/azure.go:37.2,37.35 1 0
github.com/cbellee/photo-api/internal/storage/azure.go:37.35,41.17 3 0
github.com/cbellee/photo-api/internal/storage/azure.go:41.17,44.4 2 0
github.com/cbellee/photo-api/internal/storage/azure.go:46.3,47.17 2 0
github.com/cbellee/photo-api/internal/storage/azure.go:47.17,49.4 1 0
github.com/cbellee/photo-api/internal/storage/azure.go:51.3,58.27 2 0
github.com/cbellee/photo-api/internal/storage/azure.go:61.2,61.21 1 0
github.com/cbellee/photo-api/internal/storage/azure.go:61.21,64.3 2 0
github.com/cbellee/photo-api/internal/storage/azure.go:66.2,67.19 2 0
github.com/cbellee/photo-api/internal/storage/azure.go:70.125,72.2 1 0
github.com/cbellee/photo-api/internal/storage/azure.go:74.128,76.2 1 0
github.com/cbellee/photo-api/internal/storage/azure.go:78.129,80.2 1 0
github.com/cbellee/photo-api/internal/storage/azure.go:82.113,84.2 1 0
github.com/cbellee/photo-api/internal/storage/azure.go:86.110,88.16 2 0
github.com/cbellee/photo-api/internal/storage/azure.go:88.16,90.3 1 0
github.com/cbellee/photo-api/internal/storage/azure.go:91.2,91.25 1 0
github.com/cbellee/photo-api/internal/storage/azure.go:94.186,99.35 4 0
github.com/cbellee/photo-api/internal/storage/azure.go:99.35,102.3 2 0
github.com/cbellee/photo-api/internal/storage/azure.go:104.2,111.16 2 0
github.com/cbellee/photo-api/internal/storage/azure.go:111.16,114.3 2 0
github.com/cbellee/photo-api/internal/storage/azure.go:116.2,117.12 2 0
github.com/cbellee/photo-api/internal/storage/local.go:31.74,39.2 1 1
github.com/cbellee/photo-api/internal/storage/local.go:51.124,55.16 3 1
github.com/cbellee/photo-api/internal/storage/local.go:55.16,57.3 1 0
github.com/cbellee/photo-api/internal/storage/local.go:58.2,61.16 3 1
github.com/cbellee/photo-api/internal/storage/local.go:61.16,63.3 1 0
github.com/cbellee/photo-api/internal/storage/local.go:64.2,66.38 2 1
github.com/cbellee/photo-api/internal/storage/local.go:66.38,69.3 2 1
github.com/cbellee/photo-api/internal/storage/local.go:71.2,72.66 2 1
github.com/cbellee/photo-api/internal/storage/local.go:72.66,74.3 1 0
github.com/cbellee/photo-api/internal/storage/local.go:76.2,76.21 1 1
github.com/cbellee/photo-api/internal/storage/local.go:76.21,78.3 1 1
github.com/cbellee/photo-api/internal/storage/local.go:80.2,81.29 2 1
github.com/cbellee/photo-api/internal/storage/local.go:81.29,88.3 1 1
github.com/cbellee/photo-api/internal/storage/local.go:89.2,89.19 1 1
github.com/cbellee/photo-api/internal/storage/local.go:92.125,96.16 3 1
github.com/cbellee/photo-api/internal/storage/local.go:96.16,98.3 1 0
github.com/cbellee/photo-api/internal/storage/local.go:100.2,101.16 2 1
github.com/cbellee/photo-api/internal/storage/local.go:101.16,103.3 1 0
github.com/cbellee/photo-api/internal/storage/local.go:104.2,106.38 2 1
github.com/cbellee/photo-api/internal/storage/local.go:106.38,108.3 1 1
github.com/cbellee/photo-api/internal/storage/local.go:110.2,111.65 2 1
github.com/cbellee/photo-api/internal/storage/local.go:111.65,113.3 1 0
github.com/cbellee/photo-api/internal/storage/local.go:114.2,114.18 1 1
github.com/cbellee/photo-api/internal/storage/local.go:117.128,122.16 4 1
github.com/cbellee/photo-api/internal/storage/local.go:122.16,124.3 1 0
github.com/cbellee/photo-api/internal/storage/local.go:125.2,128.16 3 1
github.com/cbellee/photo-api/internal/storage/local.go:128.16,130.3 1 0
github.com/cbellee/photo-api/internal/storage/local.go:131.2,133.38 2 1
github.com/cbellee/photo-api/internal/storage/local.go:133.38,136.3 2 1
github.com/cbellee/photo-api/internal/storage/local.go:137.2,137.12 1 1
github.com/cbellee/photo-api/internal/storage/local.go:140.129,144.16 3 1
github.com/cbellee/photo-api/internal/storage/local.go:144.16,146.3 1 0
github.com/cbellee/photo-api/internal/storage/local.go:148.2,149.16 2 1
github.com/cbellee/photo-api/internal/storage/local.go:149.16,151.3 1 0
github.com/cbellee/photo-api/internal/storage/local.go:152.2,154.38 2 1
github.com/cbellee/photo-api/internal/storage/local.go:154.38,156.3 1 1
github.com/cbellee/photo-api/internal/storage/local.go:158.2,159.63 2 1
github.com/cbellee/photo-api/internal/storage/local.go:159.63,161.3 1 0
github.com/cbellee/photo-api/internal/storage/local.go:162.2,162.16 1 1
github.com/cbellee/photo-api/internal/storage/local.go:165.113,169.16 3 1
github.com/cbellee/photo-api/internal/storage/local.go:169.16,171.3 1 0
github.com/cbellee/photo-api/internal/storage/local.go:173.2,174.16 2 1
github.com/cbellee/photo-api/internal/storage/local.go:174.16,176.3 1 0
github.com/cbellee/photo-api/internal/storage/local.go:177.2,179.38 2 1
github.com/cbellee/photo-api/internal/storage/local.go:179.38,181.3 1 1
github.com/cbellee/photo-api/internal/storage/local.go:183.2,184.66 2 1
github.com/cbellee/photo-api/internal/storage/local.go:184.66,186.3 1 0
github.com/cbellee/photo-api/internal/storage/local.go:189.2,190.29 2 1
github.com/cbellee/photo-api/internal/storage/local.go:190.29,193.50 3 1
github.com/cbellee/photo-api/internal/storage/local.go:193.50,195.4 1 1
github.com/cbellee/photo-api/internal/storage/local.go:197.2,197.20 1 1
github.com/cbellee/photo-api/internal/storage/local.go:200.110,204.16 3 1
github.com/cbellee/photo-api/internal/storage/local.go:204.16,206.3 1 0
github.com/cbellee/photo-api/internal/storage/local.go:208.2,209.16 2 1
github.com/cbellee/photo-api/internal/storage/local.go:209.16,211.3 1 1
github.com/cbellee/photo-api/internal/storage/local.go:212.2,214.38 2 1
github.com/cbellee/photo-api/internal/storage/local.go:214.38,217.3 2 1
github.com/cbellee/photo-api/internal/storage/local.go:219.2,220.16 2 1
github.com/cbellee/photo-api/internal/storage/local.go:220.16,222.3 1 0
github.com/cbellee/photo-api/internal/storage/local.go:224.2,225.18 2 1
github.com/cbellee/photo-api/internal/storage/local.go:228.186,232.16 3 1
github.com/cbellee/photo-api/internal/storage/local.go:232.16,234.3 1 0
github.com/cbellee/photo-api/internal/storage/local.go:236.2,236.23 1 1
github.com/cbellee/photo-api/internal/storage/local.go:236.23,238.3 1 1
github.com/cbellee/photo-api/internal/storage/local.go:239.2,239.17 1 1
github.com/cbellee/photo-api/internal/storage/local.go:239.17,242.3 2 1
github.com/cbellee/photo-api/internal/storage/local.go:243.2,243.21 1 1
github.com/cbellee/photo-api/internal/storage/local.go:243.21,246.3 2 1
github.com/cbellee/photo-api/internal/storage/local.go:248.2,249.16 2 1
github.com/cbellee/photo-api/internal/storage/local.go:249.16,251.3 1 0
github.com/cbellee/photo-api/internal/storage/local.go:252.2,254.43 2 1
github.com/cbellee/photo-api/internal/storage/local.go:254.43,257.3 2 1
github.com/cbellee/photo-api/internal/storage/local.go:259.2,260.12 2 1
github.com/cbellee/photo-api/internal/storage/local.go:267.69,269.31 2 1
github.com/cbellee/photo-api/internal/storage/local.go:269.31,271.3 1 1
github.com/cbellee/photo-api/internal/storage/local.go:272.2,272.99 1 1
github.com/cbellee/photo-api/internal/storage/mock.go:86.123,93.36 4 1
github.com/cbellee/photo-api/internal/storage/mock.go:93.36,95.3 1 1
github.com/cbellee/photo-api/internal/storage/mock.go:96.2,96.60 1 1
github.com/cbellee/photo-api/internal/storage/mock.go:99.124,106.30 4 1
github.com/cbellee/photo-api/internal/storage/mock.go:106.30,108.3 1 1
github.com/cbellee/photo-api/internal/storage/mock.go:109.2,109.54 1 1
github.com/cbellee/photo-api/internal/storage/mock.go:112.127,119.30 4 1
github.com/cbellee/photo-api/internal/storage/mock.go:119.30,121.3 1 1
github.com/cbellee/photo-api/internal/storage/mock.go:122.2,122.12 1 1
github.com/cbellee/photo-api/internal/storage/mock.go:125.128,132.34 4 1
github.com/cbellee/photo-api/internal/storage/mock.go:132.34,134.3 1 1
github.com/cbellee/photo-api/internal/storage/mock.go:135.2,135.58 1 1
github.com/cbellee/photo-api/internal/storage/mock.go:138.112,145.33 4 1
github.com/cbellee/photo-api/internal/storage/mock.go:145.33,147.3 1 1
github.com/cbellee/photo-api/internal/storage/mock.go:148.2,148.57 1 1
github.com/cbellee/photo-api/internal/storage/mock.go:151.185,158.27 4 1
github.com/cbellee/photo-api/internal/storage/mock.go:158.27,160.3 1 1
github.com/cbellee/photo-api/internal/storage/mock.go:161.2,161.12 1 1
github.com/cbellee/photo-api/internal/storage/mock.go:164.109,171.26 4 1
github.com/cbellee/photo-api/internal/storage/mock.go:171.26,173.3 1 1
github.com/cbellee/photo-api/internal/storage/mock.go:174.2,174.50 1 1
github.com/cbellee/photo-api/internal/utils/utils.go:34.123,36.70 1 1
github.com/cbellee/photo-api/internal/utils/utils.go:36.70,39.17 3 0
github.com/cbellee/photo-api/internal/utils/utils.go:39.17,42.4 2 0
github.com/cbellee/photo-api/internal/utils/utils.go:43.3,43.21 1 0
github.com/cbellee/photo-api/internal/utils/utils.go:46.2,46.18 1 1
github.com/cbellee/photo-api/internal/utils/utils.go:46.18,47.26 1 1
github.com/cbellee/photo-api/internal/utils/utils.go:47.26,50.4 2 1
github.com/cbellee/photo-api/internal/utils/utils.go:53.3,62.17 6 1
github.com/cbellee/photo-api/internal/utils/utils.go:62.17,65.4 2 0
github.com/cbellee/photo-api/internal/utils/utils.go:65.9,67.18 2 1
github.com/cbellee/photo-api/internal/utils/utils.go:67.18,70.5 2 0
github.com/cbellee/photo-api/internal/utils/utils.go:72.8,77.17 4 1
github.com/cbellee/photo-api/internal/utils/utils.go:77.17,80.4 2 0
github.com/cbellee/photo-api/internal/utils/utils.go:80.9,82.18 2 1
github.com/cbellee/photo-api/internal/utils/utils.go:82.18,85.5 2 0
github.com/cbellee/photo-api/internal/utils/utils.go:88.2,88.20 1 1
github.com/cbellee/photo-api/internal/utils/utils.go:95.117,98.16 2 1
github.com/cbellee/photo-api/internal/utils/utils.go:98.16,100.3 1 1
github.com/cbellee/photo-api/internal/utils/utils.go:102.2,106.20 4 1
github.com/cbellee/photo-api/internal/utils/utils.go:106.20,110.3 3 1
github.com/cbellee/photo-api/internal/utils/utils.go:110.8,114.3 3 1
github.com/cbellee/photo-api/internal/utils/utils.go:117.2,118.21 2 1
github.com/cbellee/photo-api/internal/utils/utils.go:119.20,120.52 1 1
github.com/cbellee/photo-api/internal/utils/utils.go:121.19,122.51 1 1
github.com/cbellee/photo-api/internal/utils/utils.go:123.19,124.51 1 1
github.com/cbellee/photo-api/internal/utils/utils.go:125.10,126.70 1 1
github.com/cbellee/photo-api/internal/utils/utils.go:128.2,128.16 1 1
github.com/cbellee/photo-api/internal/utils/utils.go:128.16,130.3 1 0
github.com/cbellee/photo-api/internal/utils/utils.go:132.2,137.21 4 1
github.com/cbellee/photo-api/internal/utils/utils.go:138.20,139.35 1 1
github.com/cbellee/photo-api/internal/utils/utils.go:140.19,141.29 1 1
github.com/cbellee/photo-api/internal/utils/utils.go:142.19,143.34 1 1
github.com/cbellee/photo-api/internal/utils/utils.go:145.2,145.16 1 1
github.com/cbellee/photo-api/internal/utils/utils.go:145.16,147.3 1 0
github.com/cbellee/photo-api/internal/utils/utils.go:149.2,149.25 1 1
github.com/cbellee/photo-api/internal/utils/utils.go:152.67,157.16 4 1
github.com/cbellee/photo-api/internal/utils/utils.go:157.16,159.3 1 1
github.com/cbellee/photo-api/internal/utils/utils.go:161.2,162.16 2 1
github.com/cbellee/photo-api/internal/utils/utils.go:162.16,164.3 1 1
github.com/cbellee/photo-api/internal/utils/utils.go:165.2,167.17 2 1
github.com/cbellee/photo-api/internal/utils/utils.go:170.47,171.40 1 1
github.com/cbellee/photo-api/internal/utils/utils.go:171.40,174.3 2 1
github.com/cbellee/photo-api/internal/utils/utils.go:175.2,176.17 2 1
github.com/cbellee/photo-api/internal/utils/utils.go:179.165,182.19 2 0
github.com/cbellee/photo-api/internal/utils/utils.go:182.19,184.17 2 0
github.com/cbellee/photo-api/internal/utils/utils.go:184.17,186.4 1 0
github.com/cbellee/photo-api/internal/utils/utils.go:188.3,189.34 2 0
github.com/cbellee/photo-api/internal/utils/utils.go:189.34,190.48 1 0
github.com/cbellee/photo-api/internal/utils/utils.go:190.48,192.21 2 0
github.com/cbellee/photo-api/internal/utils/utils.go:192.21,194.6 1 0
github.com/cbellee/photo-api/internal/utils/utils.go:196.5,199.53 2 0
github.com/cbellee/photo-api/internal/utils/utils.go:203.2,203.10 1 0
github.com/cbellee/photo-api/internal/utils/utils.go:206.131,213.16 5 0
github.com/cbellee/photo-api/internal/utils/utils.go:213.16,216.3 2 0
github.com/cbellee/photo-api/internal/utils/utils.go:218.2,220.52 3 0
github.com/cbellee/photo-api/internal/utils/utils.go:220.52,222.3 1 0
github.com/cbellee/photo-api/internal/utils/utils.go:224.2,224.18 1 0
github.com/cbellee/photo-api/internal/utils/utils.go:227.131,236.16 7 0
github.com/cbellee/photo-api/internal/utils/utils.go:236.16,239.3 2 0
github.com/cbellee/photo-api/internal/utils/utils.go:241.2,242.12 2 0
github.com/cbellee/photo-api/internal/utils/utils.go:245.139,252.16 5 0
github.com/cbellee/photo-api/internal/utils/utils.go:252.16,255.3 2 0
github.com/cbellee/photo-api/internal/utils/utils.go:257.2,258.46 2 0
github.com/cbellee/photo-api/internal/utils/utils.go:258.46,261.3 2 0
github.com/cbellee/photo-api/internal/utils/utils.go:263.2,264.15 2 0
github.com/cbellee/photo-api/internal/utils/utils.go:267.135,279.19 3 0
github.com/cbellee/photo-api/internal/utils/utils.go:279.19,281.17 2 0
github.com/cbellee/photo-api/internal/utils/utils.go:281.17,283.9 2 0
github.com/cbellee/photo-api/internal/utils/utils.go:286.3,286.48 1 0
github.com/cbellee/photo-api/internal/utils/utils.go:286.48,291.38 4 0
github.com/cbellee/photo-api/internal/utils/utils.go:291.38,292.31 1 0
github.com/cbellee/photo-api/internal/utils/utils.go:292.31,294.6 1 0
github.com/cbellee/photo-api/internal/utils/utils.go:296.5,296.26 1 0
github.com/cbellee/photo-api/internal/utils/utils.go:296.26,298.6 1 0
github.com/cbellee/photo-api/internal/utils/utils.go:301.4,301.55 1 0
github.com/cbellee/photo-api/internal/utils/utils.go:301.55,303.5 1 0
github.com/cbellee/photo-api/internal/utils/utils.go:306.2,306.24 1 0
github.com/cbellee/photo-api/internal/utils/utils.go:309.140,316.16 5 0
github.com/cbellee/photo-api/internal/utils/utils.go:316.16,319.3 2 0
github.com/cbellee/photo-api/internal/utils/utils.go:322.2,323.16 2 0
github.com/cbellee/photo-api/internal/utils/utils.go:323.16,326.3 2 0
github.com/cbellee/photo-api/internal/utils/utils.go:328.2,329.16 2 0
github.com/cbellee/photo-api/internal/utils/utils.go:329.16,332.3 2 0
github.com/cbellee/photo-api/internal/utils/utils.go:334.2,334.16 1 0
github.com/cbellee/photo-api/internal/utils/utils.go:334.16,336.3 1 0
github.com/cbellee/photo-api/internal/utils/utils.go:338.2,339.20 2 0
github.com/cbellee/photo-api/internal/utils/utils.go:350.42,355.35 4 0
github.com/cbellee/photo-api/internal/utils/utils.go:355.35,358.3 2 0
github.com/cbellee/photo-api/internal/utils/utils.go:360.2,364.16 2 0
github.com/cbellee/photo-api/internal/utils/utils.go:364.16,367.3 2 0
github.com/cbellee/photo-api/internal/utils/utils.go:369.2,371.12 3 0
github.com/cbellee/photo-api/internal/utils/utils.go:379.53,380.17 1 1
github.com/cbellee/photo-api/internal/utils/utils.go:380.17,383.3 2 1
github.com/cbellee/photo-api/internal/utils/utils.go:385.2,385.42 1 1
github.com/cbellee/photo-api/internal/utils/utils.go:385.42,387.3 1 1
github.com/cbellee/photo-api/internal/utils/utils.go:389.2,389.14 1 1
github.com/cbellee/photo-api/internal/utils/utils.go:401.34,408.35 5 0
github.com/cbellee/photo-api/internal/utils/utils.go:408.35,411.3 2 0
github.com/cbellee/photo-api/internal/utils/utils.go:413.2,420.16 2 0
github.com/cbellee/photo-api/internal/utils/utils.go:420.16,423.3 2 0
github.com/cbellee/photo-api/internal/utils/utils.go:425.2,426.12 2 0
github.com/cbellee/photo-api/internal/utils/utils.go:429.61,439.2 7 1
github.com/cbellee/photo-api/internal/utils/utils.go:443.44,445.2 1 1
github.com/cbellee/photo-api/internal/utils/utils.go:447.54,450.2 2 1
github.com/cbellee/photo-api/internal/utils/utils.go:454.16,455.33 1 1
github.com/cbellee/photo-api/internal/utils/utils.go:455.33,457.3 1 1
github.com/cbellee/photo-api/internal/utils/utils.go:460.52,462.23 2 0
github.com/cbellee/photo-api/internal/utils/utils.go:462.23,464.3 1 0
github.com/cbellee/photo-api/internal/utils/utils.go:466.2,467.25 2 0
github.com/cbellee/photo-api/internal/utils/utils.go:470.96,472.16 2 0
github.com/cbellee/photo-api/internal/utils/utils.go:472.16,474.3 1 0
github.com/cbellee/photo-api/internal/utils/utils.go:477.2,478.15 2 0
github.com/cbellee/photo-api/internal/utils/utils.go:478.15,482.17 4 0
github.com/cbellee/photo-api/internal/utils/utils.go:482.17,486.4 3 0
github.com/cbellee/photo-api/internal/utils/utils.go:487.3,487.17 1 0
github.com/cbellee/photo-api/internal/utils/utils.go:489.2,489.19 1 0
github.com/cbellee/photo-api/internal/utils/utils.go:489.19,491.3 1 0
github.com/cbellee/photo-api/internal/utils/utils.go:493.2,494.16 2 0
github.com/cbellee/photo-api/internal/utils/utils.go:494.16,497.3 2 0
github.com/cbellee/photo-api/internal/utils/utils.go:499.2,500.9 2 0
github.com/cbellee/photo-api/internal/utils/utils.go:500.9,502.3 1 0
github.com/cbellee/photo-api/internal/utils/utils.go:504.2,505.20 2 0
github.com/cbellee/photo-api/internal/utils/utils.go:508.143,518.19 4 0
github.com/cbellee/photo-api/internal/utils/utils.go:518.19,520.17 2 0
github.com/cbellee/photo-api/internal/utils/utils.go:520.17,522.4 1 0
github.com/cbellee/photo-api/internal/utils/utils.go:528.3,528.52 1 0
github.com/cbellee/photo-api/internal/utils/utils.go:528.52,533.4 4 0
github.com/cbellee/photo-api/internal/utils/utils.go:536.2,536.12 1 0
